<?xml version="1.0" encoding="UTF-8"?>
<!-- Generated by org.testng.reporters.JUnitReportReporter -->
<testsuite hostname="LAPTOP-LBM6U9VC" failures="0" tests="1" name="com.elocalshops.Runner.Product_Search_Check" time="3.606" errors="0" timestamp="2021-11-02T09:37:46 IST" skipped="0">
  <testcase classname="com.elocalshops.Runner.Product_Search_Check" name="searchItem" time="3.606"/>
  <system-out/>
</testsuite> <!-- com.elocalshops.Runner.Product_Search_Check -->
