<?xml version="1.0" encoding="UTF-8"?>
<!-- Generated by org.testng.reporters.JUnitReportReporter -->
<testsuite hostname="LAPTOP-LBM6U9VC" failures="0" tests="1" name="com.elocalshops.Runner.Login_check" time="6.721" errors="0" timestamp="2021-11-02T09:37:46 IST" skipped="0">
  <testcase classname="com.elocalshops.Runner.Login_check" name="Login_to_Site" time="6.721"/>
  <system-out/>
</testsuite> <!-- com.elocalshops.Runner.Login_check -->
